downloader_library/build/outputs/logs/manifest-merger-debug-report.txt
-- Merging decision tree log ---
manifest
ADDED from src/main/AndroidManifest.xml:2:1-9:12
INJECTED from src/main/AndroidManifest.xml:2:1-9:12
INJECTED from src/main/AndroidManifest.xml:2:1-9:12
INJECTED from src/main/AndroidManifest.xml:2:1-9:12
INJECTED from src/main/AndroidManifest.xml:2:1-9:12
INJECTED from src/main/AndroidManifest.xml:2:1-9:12
INJECTED from src/main/AndroidManifest.xml:2:1-9:12
	package
		ADDED from src/main/AndroidManifest.xml:3:5-55
		INJECTED from src/main/AndroidManifest.xml
		INJECTED from src/main/AndroidManifest.xml
	android:versionName
		ADDED from src/main/AndroidManifest.xml:5:5-30
		INJECTED from src/main/AndroidManifest.xml
		INJECTED from src/main/AndroidManifest.xml
	xmlns:android
		ADDED from src/main/AndroidManifest.xml:2:11-69
	android:versionCode
		ADDED from src/main/AndroidManifest.xml:4:5-28
		INJECTED from src/main/AndroidManifest.xml
		INJECTED from src/main/AndroidManifest.xml
uses-sdk
ADDED from src/main/AndroidManifest.xml:7:5-72
INJECTED from src/main/AndroidManifest.xml:7:5-72
INJECTED from src/main/AndroidManifest.xml:7:5-72
INJECTED from src/main/AndroidManifest.xml:7:5-72
INJECTED from src/main/AndroidManifest.xml:7:5-72
	android:targetSdkVersion
		ADDED from src/main/AndroidManifest.xml:7:41-70
		INJECTED from src/main/AndroidManifest.xml
		INJECTED from src/main/AndroidManifest.xml
	android:minSdkVersion
		ADDED from src/main/AndroidManifest.xml:7:15-40
		INJECTED from src/main/AndroidManifest.xml
		INJECTED from src/main/AndroidManifest.xml